{"name": "test_register_with_proper_inputs", "status": "broken", "statusDetails": {"message": "selenium.common.exceptions.NoSuchElementException: Message: no such element: Unable to locate element: {\"method\":\"xpath\",\"selector\":\"//a[.='radhikaamaresh@live.com']\"}\n  (Session info: chrome=128.0.6613.85); For documentation on this error, please visit: https://www.selenium.dev/documentation/webdriver/troubleshooting/errors#no-such-element-exception\nStacktrace:\n\tGetHandleVerifier [0x00007FF746C5B632+29090]\n\t(No symbol) [0x00007FF746BCE6E9]\n\t(No symbol) [0x00007FF746A8B1CA]\n\t(No symbol) [0x00007FF746ADEFD7]\n\t(No symbol) [0x00007FF746ADF22C]\n\t(No symbol) [0x00007FF746B297F7]\n\t(No symbol) [0x00007FF746B0672F]\n\t(No symbol) [0x00007FF746B265D9]\n\t(No symbol) [0x00007FF746B06493]\n\t(No symbol) [0x00007FF746AD09B1]\n\t(No symbol) [0x00007FF746AD1B11]\n\tGetHandleVerifier [0x00007FF746F7883D+3294125]\n\tGetHandleVerifier [0x00007FF746FC4423+3604371]\n\tGetHandleVerifier [0x00007FF746FBA2E7+3563095]\n\tGetHandleVerifier [0x00007FF746D16F16+797318]\n\t(No symbol) [0x00007FF746BD986F]\n\t(No symbol) [0x00007FF746BD5454]\n\t(No symbol) [0x00007FF746BD55E0]\n\t(No symbol) [0x00007FF746BC4A7F]\n\tBaseThreadInitThunk [0x00007FFD56667374+20]\n\tRtlUserThreadStart [0x00007FFD5773CC91+33]", "trace": "driver = <selenium.webdriver.chrome.webdriver.WebDriver (session=\"3d63a73b9f7c550ed2deac3b3129ca5a\")>\n\n    def test_register_with_proper_inputs(driver):\n        home = HomePage(driver)\n        home.click_on_register()\n        register = Register(driver)\n        register.register_to_the_application(first_name=\"Radhika\", last_name=\"Amaresh\", email=\"radhikaamaresh@live.com\", password=\"radhika02\", confirm_password=\"radhika02\")\n>       assert driver.find_element(\"xpath\",\"//a[.='radhikaamaresh@live.com']\").is_displayed()\n\ndemowebshop\\Tests\\test_registerpage.py:10: \n_ _ _ _ _ _ _ _ _ _ _ _ _ _ _ _ _ _ _ _ _ _ _ _ _ _ _ _ _ _ _ _ _ _ _ _ _ _ _ _ _ _ _ _ _ _ _ _ _ _ _ _ _ _ _ _ _ _ _ _ _ _ _ _ _ _ _ _ _ _ _ _ _ _ _ _ _ _ _\n.venv\\Lib\\site-packages\\selenium\\webdriver\\remote\\webdriver.py:748: in find_element\n    return self.execute(Command.FIND_ELEMENT, {\"using\": by, \"value\": value})[\"value\"]\n.venv\\Lib\\site-packages\\selenium\\webdriver\\remote\\webdriver.py:354: in execute\n    self.error_handler.check_response(response)\n_ _ _ _ _ _ _ _ _ _ _ _ _ _ _ _ _ _ _ _ _ _ _ _ _ _ _ _ _ _ _ _ _ _ _ _ _ _ _ _ _ _ _ _ _ _ _ _ _ _ _ _ _ _ _ _ _ _ _ _ _ _ _ _ _ _ _ _ _ _ _ _ _ _ _ _ _ _ _\n\nself = <selenium.webdriver.remote.errorhandler.ErrorHandler object at 0x000001296F102450>\nresponse = {'status': 404, 'value': '{\"value\":{\"error\":\"no such element\",\"message\":\"no such element: Unable to locate element: {\\...07FF746BC4A7F]\\\\n\\\\tBaseThreadInitThunk [0x00007FFD56667374+20]\\\\n\\\\tRtlUserThreadStart [0x00007FFD5773CC91+33]\\\\n\"}}'}\n\n    def check_response(self, response: Dict[str, Any]) -> None:\n        \"\"\"Checks that a JSON response from the WebDriver does not have an\n        error.\n    \n        :Args:\n         - response - The JSON response from the WebDriver server as a dictionary\n           object.\n    \n        :Raises: If the response contains an error message.\n        \"\"\"\n        status = response.get(\"status\", None)\n        if not status or status == ErrorCode.SUCCESS:\n            return\n        value = None\n        message = response.get(\"message\", \"\")\n        screen: str = response.get(\"screen\", \"\")\n        stacktrace = None\n        if isinstance(status, int):\n            value_json = response.get(\"value\", None)\n            if value_json and isinstance(value_json, str):\n                import json\n    \n                try:\n                    value = json.loads(value_json)\n                    if len(value) == 1:\n                        value = value[\"value\"]\n                    status = value.get(\"error\", None)\n                    if not status:\n                        status = value.get(\"status\", ErrorCode.UNKNOWN_ERROR)\n                        message = value.get(\"value\") or value.get(\"message\")\n                        if not isinstance(message, str):\n                            value = message\n                            message = message.get(\"message\")\n                    else:\n                        message = value.get(\"message\", None)\n                except ValueError:\n                    pass\n    \n        exception_class: Type[WebDriverException]\n        e = ErrorCode()\n        error_codes = [item for item in dir(e) if not item.startswith(\"__\")]\n        for error_code in error_codes:\n            error_info = getattr(ErrorCode, error_code)\n            if isinstance(error_info, list) and status in error_info:\n                exception_class = getattr(ExceptionMapping, error_code, WebDriverException)\n                break\n        else:\n            exception_class = WebDriverException\n    \n        if not value:\n            value = response[\"value\"]\n        if isinstance(value, str):\n            raise exception_class(value)\n        if message == \"\" and \"message\" in value:\n            message = value[\"message\"]\n    \n        screen = None  # type: ignore[assignment]\n        if \"screen\" in value:\n            screen = value[\"screen\"]\n    \n        stacktrace = None\n        st_value = value.get(\"stackTrace\") or value.get(\"stacktrace\")\n        if st_value:\n            if isinstance(st_value, str):\n                stacktrace = st_value.split(\"\\n\")\n            else:\n                stacktrace = []\n                try:\n                    for frame in st_value:\n                        line = frame.get(\"lineNumber\", \"\")\n                        file = frame.get(\"fileName\", \"<anonymous>\")\n                        if line:\n                            file = f\"{file}:{line}\"\n                        meth = frame.get(\"methodName\", \"<anonymous>\")\n                        if \"className\" in frame:\n                            meth = f\"{frame['className']}.{meth}\"\n                        msg = \"    at %s (%s)\"\n                        msg = msg % (meth, file)\n                        stacktrace.append(msg)\n                except TypeError:\n                    pass\n        if exception_class == UnexpectedAlertPresentException:\n            alert_text = None\n            if \"data\" in value:\n                alert_text = value[\"data\"].get(\"text\")\n            elif \"alert\" in value:\n                alert_text = value[\"alert\"].get(\"text\")\n            raise exception_class(message, screen, stacktrace, alert_text)  # type: ignore[call-arg]  # mypy is not smart enough here\n>       raise exception_class(message, screen, stacktrace)\nE       selenium.common.exceptions.NoSuchElementException: Message: no such element: Unable to locate element: {\"method\":\"xpath\",\"selector\":\"//a[.='radhikaamaresh@live.com']\"}\nE         (Session info: chrome=128.0.6613.85); For documentation on this error, please visit: https://www.selenium.dev/documentation/webdriver/troubleshooting/errors#no-such-element-exception\nE       Stacktrace:\nE       \tGetHandleVerifier [0x00007FF746C5B632+29090]\nE       \t(No symbol) [0x00007FF746BCE6E9]\nE       \t(No symbol) [0x00007FF746A8B1CA]\nE       \t(No symbol) [0x00007FF746ADEFD7]\nE       \t(No symbol) [0x00007FF746ADF22C]\nE       \t(No symbol) [0x00007FF746B297F7]\nE       \t(No symbol) [0x00007FF746B0672F]\nE       \t(No symbol) [0x00007FF746B265D9]\nE       \t(No symbol) [0x00007FF746B06493]\nE       \t(No symbol) [0x00007FF746AD09B1]\nE       \t(No symbol) [0x00007FF746AD1B11]\nE       \tGetHandleVerifier [0x00007FF746F7883D+3294125]\nE       \tGetHandleVerifier [0x00007FF746FC4423+3604371]\nE       \tGetHandleVerifier [0x00007FF746FBA2E7+3563095]\nE       \tGetHandleVerifier [0x00007FF746D16F16+797318]\nE       \t(No symbol) [0x00007FF746BD986F]\nE       \t(No symbol) [0x00007FF746BD5454]\nE       \t(No symbol) [0x00007FF746BD55E0]\nE       \t(No symbol) [0x00007FF746BC4A7F]\nE       \tBaseThreadInitThunk [0x00007FFD56667374+20]\nE       \tRtlUserThreadStart [0x00007FFD5773CC91+33]\n\n.venv\\Lib\\site-packages\\selenium\\webdriver\\remote\\errorhandler.py:229: NoSuchElementException"}, "start": 1724913427079, "stop": 1724913429227, "uuid": "377da571-9a0a-4f69-a32d-5e2e124d4eac", "historyId": "25cd55b70949e3c437ba914347eb2f83", "testCaseId": "25cd55b70949e3c437ba914347eb2f83", "fullName": "demowebshop.Tests.test_registerpage#test_register_with_proper_inputs", "labels": [{"name": "parentSuite", "value": "demowebshop.Tests"}, {"name": "suite", "value": "test_registerpage"}, {"name": "host", "value": "DESKTOP-132ALS8"}, {"name": "thread", "value": "8360-MainThread"}, {"name": "framework", "value": "pytest"}, {"name": "language", "value": "cpython3"}, {"name": "package", "value": "demowebshop.Tests.test_registerpage"}]}