{"name": "test_login_with_proper_credentials[chotabheem69@gmail.com-chintapakdu]", "status": "broken", "statusDetails": {"message": "selenium.common.exceptions.NoSuchElementException: Message: no such element: Unable to locate element: {\"method\":\"xpath\",\"selector\":\"//a[.='chotabheem69@gmail.com']\"}\n  (Session info: chrome=128.0.6613.113); For documentation on this error, please visit: https://www.selenium.dev/documentation/webdriver/troubleshooting/errors#no-such-element-exception\nStacktrace:\n\tGetHandleVerifier [0x00007FF72159B632+29090]\n\t(No symbol) [0x00007FF72150E6E9]\n\t(No symbol) [0x00007FF7213CB1CA]\n\t(No symbol) [0x00007FF72141EFD7]\n\t(No symbol) [0x00007FF72141F22C]\n\t(No symbol) [0x00007FF7214697F7]\n\t(No symbol) [0x00007FF72144672F]\n\t(No symbol) [0x00007FF7214665D9]\n\t(No symbol) [0x00007FF721446493]\n\t(No symbol) [0x00007FF7214109B1]\n\t(No symbol) [0x00007FF721411B11]\n\tGetHandleVerifier [0x00007FF7218B883D+3294125]\n\tGetHandleVerifier [0x00007FF721904423+3604371]\n\tGetHandleVerifier [0x00007FF7218FA2E7+3563095]\n\tGetHandleVerifier [0x00007FF721656F16+797318]\n\t(No symbol) [0x00007FF72151986F]\n\t(No symbol) [0x00007FF721515454]\n\t(No symbol) [0x00007FF7215155E0]\n\t(No symbol) [0x00007FF721504A7F]\n\tBaseThreadInitThunk [0x00007FF8CAF47374+20]\n\tRtlUserThreadStart [0x00007FF8CCEBCC91+33]", "trace": "driver = <selenium.webdriver.chrome.webdriver.WebDriver (session=\"e0f69196a5f805b46c644749b7d3ed6c\")>, username = 'chotabheem69@gmail.com'\npassword = 'chintapakdu'\n\n    @pytest.mark.parametrize(\"username,password\",credentials)\n    def test_login_with_proper_credentials(driver,username,password):\n        home = HomePage(driver)\n        home.click_on_login()\n        login = LogIn(driver)\n        login.login_to_the_application(username, password)\n>       condition = driver.find_element(\"xpath\", f\"//a[.='{username}']\").is_displayed()\n\ndemowebshop\\Tests\\test_loginpage.py:27: \n_ _ _ _ _ _ _ _ _ _ _ _ _ _ _ _ _ _ _ _ _ _ _ _ _ _ _ _ _ _ _ _ _ _ _ _ _ _ _ _ _ _ _ _ _ _ _ _ _ _ _ _ _ _ _ _ _ _ _ _ _ _ _ _ _ _ _ _ _ _ _ _ _ _ _ _ _ _ _\n.venv\\Lib\\site-packages\\selenium\\webdriver\\remote\\webdriver.py:748: in find_element\n    return self.execute(Command.FIND_ELEMENT, {\"using\": by, \"value\": value})[\"value\"]\n.venv\\Lib\\site-packages\\selenium\\webdriver\\remote\\webdriver.py:354: in execute\n    self.error_handler.check_response(response)\n_ _ _ _ _ _ _ _ _ _ _ _ _ _ _ _ _ _ _ _ _ _ _ _ _ _ _ _ _ _ _ _ _ _ _ _ _ _ _ _ _ _ _ _ _ _ _ _ _ _ _ _ _ _ _ _ _ _ _ _ _ _ _ _ _ _ _ _ _ _ _ _ _ _ _ _ _ _ _\n\nself = <selenium.webdriver.remote.errorhandler.ErrorHandler object at 0x000001135C477C50>\nresponse = {'status': 404, 'value': '{\"value\":{\"error\":\"no such element\",\"message\":\"no such element: Unable to locate element: {\\...07FF721504A7F]\\\\n\\\\tBaseThreadInitThunk [0x00007FF8CAF47374+20]\\\\n\\\\tRtlUserThreadStart [0x00007FF8CCEBCC91+33]\\\\n\"}}'}\n\n    def check_response(self, response: Dict[str, Any]) -> None:\n        \"\"\"Checks that a JSON response from the WebDriver does not have an\n        error.\n    \n        :Args:\n         - response - The JSON response from the WebDriver server as a dictionary\n           object.\n    \n        :Raises: If the response contains an error message.\n        \"\"\"\n        status = response.get(\"status\", None)\n        if not status or status == ErrorCode.SUCCESS:\n            return\n        value = None\n        message = response.get(\"message\", \"\")\n        screen: str = response.get(\"screen\", \"\")\n        stacktrace = None\n        if isinstance(status, int):\n            value_json = response.get(\"value\", None)\n            if value_json and isinstance(value_json, str):\n                import json\n    \n                try:\n                    value = json.loads(value_json)\n                    if len(value) == 1:\n                        value = value[\"value\"]\n                    status = value.get(\"error\", None)\n                    if not status:\n                        status = value.get(\"status\", ErrorCode.UNKNOWN_ERROR)\n                        message = value.get(\"value\") or value.get(\"message\")\n                        if not isinstance(message, str):\n                            value = message\n                            message = message.get(\"message\")\n                    else:\n                        message = value.get(\"message\", None)\n                except ValueError:\n                    pass\n    \n        exception_class: Type[WebDriverException]\n        e = ErrorCode()\n        error_codes = [item for item in dir(e) if not item.startswith(\"__\")]\n        for error_code in error_codes:\n            error_info = getattr(ErrorCode, error_code)\n            if isinstance(error_info, list) and status in error_info:\n                exception_class = getattr(ExceptionMapping, error_code, WebDriverException)\n                break\n        else:\n            exception_class = WebDriverException\n    \n        if not value:\n            value = response[\"value\"]\n        if isinstance(value, str):\n            raise exception_class(value)\n        if message == \"\" and \"message\" in value:\n            message = value[\"message\"]\n    \n        screen = None  # type: ignore[assignment]\n        if \"screen\" in value:\n            screen = value[\"screen\"]\n    \n        stacktrace = None\n        st_value = value.get(\"stackTrace\") or value.get(\"stacktrace\")\n        if st_value:\n            if isinstance(st_value, str):\n                stacktrace = st_value.split(\"\\n\")\n            else:\n                stacktrace = []\n                try:\n                    for frame in st_value:\n                        line = frame.get(\"lineNumber\", \"\")\n                        file = frame.get(\"fileName\", \"<anonymous>\")\n                        if line:\n                            file = f\"{file}:{line}\"\n                        meth = frame.get(\"methodName\", \"<anonymous>\")\n                        if \"className\" in frame:\n                            meth = f\"{frame['className']}.{meth}\"\n                        msg = \"    at %s (%s)\"\n                        msg = msg % (meth, file)\n                        stacktrace.append(msg)\n                except TypeError:\n                    pass\n        if exception_class == UnexpectedAlertPresentException:\n            alert_text = None\n            if \"data\" in value:\n                alert_text = value[\"data\"].get(\"text\")\n            elif \"alert\" in value:\n                alert_text = value[\"alert\"].get(\"text\")\n            raise exception_class(message, screen, stacktrace, alert_text)  # type: ignore[call-arg]  # mypy is not smart enough here\n>       raise exception_class(message, screen, stacktrace)\nE       selenium.common.exceptions.NoSuchElementException: Message: no such element: Unable to locate element: {\"method\":\"xpath\",\"selector\":\"//a[.='chotabheem69@gmail.com']\"}\nE         (Session info: chrome=128.0.6613.113); For documentation on this error, please visit: https://www.selenium.dev/documentation/webdriver/troubleshooting/errors#no-such-element-exception\nE       Stacktrace:\nE       \tGetHandleVerifier [0x00007FF72159B632+29090]\nE       \t(No symbol) [0x00007FF72150E6E9]\nE       \t(No symbol) [0x00007FF7213CB1CA]\nE       \t(No symbol) [0x00007FF72141EFD7]\nE       \t(No symbol) [0x00007FF72141F22C]\nE       \t(No symbol) [0x00007FF7214697F7]\nE       \t(No symbol) [0x00007FF72144672F]\nE       \t(No symbol) [0x00007FF7214665D9]\nE       \t(No symbol) [0x00007FF721446493]\nE       \t(No symbol) [0x00007FF7214109B1]\nE       \t(No symbol) [0x00007FF721411B11]\nE       \tGetHandleVerifier [0x00007FF7218B883D+3294125]\nE       \tGetHandleVerifier [0x00007FF721904423+3604371]\nE       \tGetHandleVerifier [0x00007FF7218FA2E7+3563095]\nE       \tGetHandleVerifier [0x00007FF721656F16+797318]\nE       \t(No symbol) [0x00007FF72151986F]\nE       \t(No symbol) [0x00007FF721515454]\nE       \t(No symbol) [0x00007FF7215155E0]\nE       \t(No symbol) [0x00007FF721504A7F]\nE       \tBaseThreadInitThunk [0x00007FF8CAF47374+20]\nE       \tRtlUserThreadStart [0x00007FF8CCEBCC91+33]\n\n.venv\\Lib\\site-packages\\selenium\\webdriver\\remote\\errorhandler.py:229: NoSuchElementException"}, "parameters": [{"name": "username", "value": "'chotabheem69@gmail.com'"}, {"name": "password", "value": "'chintapakdu'"}], "start": 1725259419941, "stop": 1725259422050, "uuid": "c8d1bc7a-6b9a-4c24-843c-e83e31433de3", "historyId": "573120ee28b9fdc23c76326711ec66d8", "testCaseId": "0f8cb92711d205a228e78eec0c025745", "fullName": "demowebshop.Tests.test_loginpage#test_login_with_proper_credentials", "labels": [{"name": "parentSuite", "value": "demowebshop.Tests"}, {"name": "suite", "value": "test_loginpage"}, {"name": "host", "value": "DESKTOP-132ALS8"}, {"name": "thread", "value": "8380-MainThread"}, {"name": "framework", "value": "pytest"}, {"name": "language", "value": "cpython3"}, {"name": "package", "value": "demowebshop.Tests.test_loginpage"}]}